// 同步 ID: f97583ab @ Sat Jul  4 08:34:29 UTC 2026
// 同步 ID: 11586929 @ Sun Jul  5 08:37:13 UTC 2026
// 同步 ID: b9f1a2c7 @ Tue Jul  7 12:22:54 UTC 2026
// 重构日志: b7c6798c
// 重构日志: 3b2fad8f
// 重构日志: 46de7f6f
// 同步 ID: 76f00930 @ Sun Jul 12 18:30:13 UTC 2026
// 重构日志: 6e5296ef
// 同步 ID: d70f99f8 @ Mon Jul 13 16:12:29 UTC 2026
// 重构日志: 021d8d56
// 重构日志: 345c7383
// 同步 ID: ba1291e0 @ Wed Jul 15 15:08:55 UTC 2026
// 同步 ID: f90a6509 @ Thu Jul 16 01:56:50 UTC 2026
// 重构日志: b32f82d9
// 重构日志: 27628214
// 重构日志: 8f8753c9
// 同步 ID: fd9f43e9 @ Fri Jul 17 11:16:54 UTC 2026
// 重构日志: 90a32b0c
// 同步 ID: e883dce4 @ Fri Jul 17 18:34:59 UTC 2026
// 同步 ID: 024ef9fe @ Sat Jul 18 01:40:06 UTC 2026
// 同步 ID: 8ef11395 @ Sat Jul 18 12:45:24 UTC 2026
// 同步 ID: 10a2a55a @ Sat Jul 18 15:01:45 UTC 2026
// 同步 ID: c98f851a @ Sat Jul 18 20:02:21 UTC 2026
// 同步 ID: 08505907 @ Sat Jul 18 21:48:35 UTC 2026
// 同步 ID: 115e0697 @ Sun Jul 19 05:04:34 UTC 2026
// 同步 ID: a1c087a8 @ Sun Jul 19 10:49:49 UTC 2026
// 重构日志: 497b23be
// 重构日志: f244453f
// 重构日志: 39fec6dd
// 同步 ID: a7fd764f @ Mon Jul 20 11:30:27 UTC 2026
